addCustImage called with cust_id: addCustImage called with cust_id: POST data: Array
(
)
Controller: add_cust_image called, POST data: Array
(
)
addCustImage called with cust_id: POST data: Array
(
)
Controller: add_cust_image called, REQUEST_METHOD: POSTController: add_cust_image called, POST data: Array
(
)
Controller: add_cust_image called, FILES data: Array
(
)
addCustImage called with cust_id: POST data: Array
(
)
FILES data: Array
(
)
Controller: add_cust_image called, REQUEST_METHOD: POSTController: add_cust_image called, POST data: Array
(
)
Controller: add_cust_image called, FILES data: Array
(
)
upload_max_filesize = 2M
post_max_size = 8M
max_file_uploads = 20
addCustImage called with cust_id: POST data: Array
(
)
FILES data: Array
(
)
Controller: add_cust_image called, REQUEST_METHOD: POSTController: add_cust_image called, POST data: Array
(
    [cust_id] => 11
)
Controller: add_cust_image called, FILES data: Array
(
    [fileToUpload1] => Array
        (
            [name] => pexels-pixabay-122429 (1).jpg
            [full_path] => pexels-pixabay-122429 (1).jpg
            [type] => image/jpeg
            [tmp_name] => /private/var/folders/wq/89tq2s_x7lb1st7yvy5wgv480000gn/T/phpvbPcx2
            [error] => 0
            [size] => 253208
        )

    [fileToUpload2] => Array
        (
            [name] => pexels-pixabay-122429 (1).jpg
            [full_path] => pexels-pixabay-122429 (1).jpg
            [type] => image/jpeg
            [tmp_name] => /private/var/folders/wq/89tq2s_x7lb1st7yvy5wgv480000gn/T/phpCduRor
            [error] => 0
            [size] => 253208
        )

    [fileToUpload3] => Array
        (
            [name] => pexels-pixabay-122429 (1).jpg
            [full_path] => pexels-pixabay-122429 (1).jpg
            [type] => image/jpeg
            [tmp_name] => /private/var/folders/wq/89tq2s_x7lb1st7yvy5wgv480000gn/T/phpTYqEFD
            [error] => 0
            [size] => 253208
        )

    [fileToUpload4] => Array
        (
            [name] => pexels-pixabay-122429 (1).jpg
            [full_path] => pexels-pixabay-122429 (1).jpg
            [type] => image/jpeg
            [tmp_name] => /private/var/folders/wq/89tq2s_x7lb1st7yvy5wgv480000gn/T/phpHZavvj
            [error] => 0
            [size] => 253208
        )

)
upload_max_filesize = 2M
post_max_size = 8M
max_file_uploads = 20
addCustImage called with cust_id: 11POST data: Array
(
    [cust_id] => 11
)
FILES data: Array
(
    [fileToUpload1] => Array
        (
            [name] => pexels-pixabay-122429 (1).jpg
            [full_path] => pexels-pixabay-122429 (1).jpg
            [type] => image/jpeg
            [tmp_name] => /private/var/folders/wq/89tq2s_x7lb1st7yvy5wgv480000gn/T/phpvbPcx2
            [error] => 0
            [size] => 253208
        )

    [fileToUpload2] => Array
        (
            [name] => pexels-pixabay-122429 (1).jpg
            [full_path] => pexels-pixabay-122429 (1).jpg
            [type] => image/jpeg
            [tmp_name] => /private/var/folders/wq/89tq2s_x7lb1st7yvy5wgv480000gn/T/phpCduRor
            [error] => 0
            [size] => 253208
        )

    [fileToUpload3] => Array
        (
            [name] => pexels-pixabay-122429 (1).jpg
            [full_path] => pexels-pixabay-122429 (1).jpg
            [type] => image/jpeg
            [tmp_name] => /private/var/folders/wq/89tq2s_x7lb1st7yvy5wgv480000gn/T/phpTYqEFD
            [error] => 0
            [size] => 253208
        )

    [fileToUpload4] => Array
        (
            [name] => pexels-pixabay-122429 (1).jpg
            [full_path] => pexels-pixabay-122429 (1).jpg
            [type] => image/jpeg
            [tmp_name] => /private/var/folders/wq/89tq2s_x7lb1st7yvy5wgv480000gn/T/phpHZavvj
            [error] => 0
            [size] => 253208
        )

)
Controller: add_cust_image called, REQUEST_METHOD: POSTController: add_cust_image called, POST data: Array
(
    [cust_id] => 11
)
Controller: add_cust_image called, FILES data: Array
(
    [fileToUpload1] => Array
        (
            [name] => pexels-pixabay-122429 (1).jpg
            [full_path] => pexels-pixabay-122429 (1).jpg
            [type] => image/jpeg
            [tmp_name] => /private/var/folders/wq/89tq2s_x7lb1st7yvy5wgv480000gn/T/php43Pk5F
            [error] => 0
            [size] => 253208
        )

    [fileToUpload2] => Array
        (
            [name] => pexels-pixabay-122429 (1).jpg
            [full_path] => pexels-pixabay-122429 (1).jpg
            [type] => image/jpeg
            [tmp_name] => /private/var/folders/wq/89tq2s_x7lb1st7yvy5wgv480000gn/T/phpNUpvKB
            [error] => 0
            [size] => 253208
        )

    [fileToUpload3] => Array
        (
            [name] => pexels-pixabay-122429 (1).jpg
            [full_path] => pexels-pixabay-122429 (1).jpg
            [type] => image/jpeg
            [tmp_name] => /private/var/folders/wq/89tq2s_x7lb1st7yvy5wgv480000gn/T/phpZwxEe5
            [error] => 0
            [size] => 253208
        )

    [fileToUpload4] => Array
        (
            [name] => pexels-pixabay-122429 (1).jpg
            [full_path] => pexels-pixabay-122429 (1).jpg
            [type] => image/jpeg
            [tmp_name] => /private/var/folders/wq/89tq2s_x7lb1st7yvy5wgv480000gn/T/phpui4FBf
            [error] => 0
            [size] => 253208
        )

)
upload_max_filesize = 2M
post_max_size = 8M
max_file_uploads = 20
addCustImage called with cust_id: 11POST data: Array
(
    [cust_id] => 11
)
FILES data: Array
(
    [fileToUpload1] => Array
        (
            [name] => pexels-pixabay-122429 (1).jpg
            [full_path] => pexels-pixabay-122429 (1).jpg
            [type] => image/jpeg
            [tmp_name] => /private/var/folders/wq/89tq2s_x7lb1st7yvy5wgv480000gn/T/php43Pk5F
            [error] => 0
            [size] => 253208
        )

    [fileToUpload2] => Array
        (
            [name] => pexels-pixabay-122429 (1).jpg
            [full_path] => pexels-pixabay-122429 (1).jpg
            [type] => image/jpeg
            [tmp_name] => /private/var/folders/wq/89tq2s_x7lb1st7yvy5wgv480000gn/T/phpNUpvKB
            [error] => 0
            [size] => 253208
        )

    [fileToUpload3] => Array
        (
            [name] => pexels-pixabay-122429 (1).jpg
            [full_path] => pexels-pixabay-122429 (1).jpg
            [type] => image/jpeg
            [tmp_name] => /private/var/folders/wq/89tq2s_x7lb1st7yvy5wgv480000gn/T/phpZwxEe5
            [error] => 0
            [size] => 253208
        )

    [fileToUpload4] => Array
        (
            [name] => pexels-pixabay-122429 (1).jpg
            [full_path] => pexels-pixabay-122429 (1).jpg
            [type] => image/jpeg
            [tmp_name] => /private/var/folders/wq/89tq2s_x7lb1st7yvy5wgv480000gn/T/phpui4FBf
            [error] => 0
            [size] => 253208
        )

)
cust_id: 11, image1: 1, image2: 1, image3: 1, image4: 1, query: UPDATE `cust` SET `status`= `status` ,`image1`='1' ,`image2`='1' ,`image3`='1' ,`image4`='1' WHERE `id`='11' Controller: add_cust_image called, REQUEST_METHOD: POSTController: add_cust_image called, POST data: Array
(
    [cust_id] => 12
)
Controller: add_cust_image called, FILES data: Array
(
    [fileToUpload1] => Array
        (
            [name] => pexels-pixabay-122429 (1).jpg
            [full_path] => pexels-pixabay-122429 (1).jpg
            [type] => image/jpeg
            [tmp_name] => /private/var/folders/wq/89tq2s_x7lb1st7yvy5wgv480000gn/T/phpZ27tS6
            [error] => 0
            [size] => 253208
        )

    [fileToUpload2] => Array
        (
            [name] => pexels-pixabay-122429 (1).jpg
            [full_path] => pexels-pixabay-122429 (1).jpg
            [type] => image/jpeg
            [tmp_name] => /private/var/folders/wq/89tq2s_x7lb1st7yvy5wgv480000gn/T/phpj0josg
            [error] => 0
            [size] => 253208
        )

    [fileToUpload3] => Array
        (
            [name] => pexels-pixabay-122429 (1).jpg
            [full_path] => pexels-pixabay-122429 (1).jpg
            [type] => image/jpeg
            [tmp_name] => /private/var/folders/wq/89tq2s_x7lb1st7yvy5wgv480000gn/T/phpJ4LVCf
            [error] => 0
            [size] => 253208
        )

    [fileToUpload4] => Array
        (
            [name] => pexels-pixabay-122429 (1).jpg
            [full_path] => pexels-pixabay-122429 (1).jpg
            [type] => image/jpeg
            [tmp_name] => /private/var/folders/wq/89tq2s_x7lb1st7yvy5wgv480000gn/T/phpH0fDUW
            [error] => 0
            [size] => 253208
        )

)
upload_max_filesize = 2M
post_max_size = 8M
max_file_uploads = 20
addCustImage called with cust_id: 12POST data: Array
(
    [cust_id] => 12
)
FILES data: Array
(
    [fileToUpload1] => Array
        (
            [name] => pexels-pixabay-122429 (1).jpg
            [full_path] => pexels-pixabay-122429 (1).jpg
            [type] => image/jpeg
            [tmp_name] => /private/var/folders/wq/89tq2s_x7lb1st7yvy5wgv480000gn/T/phpZ27tS6
            [error] => 0
            [size] => 253208
        )

    [fileToUpload2] => Array
        (
            [name] => pexels-pixabay-122429 (1).jpg
            [full_path] => pexels-pixabay-122429 (1).jpg
            [type] => image/jpeg
            [tmp_name] => /private/var/folders/wq/89tq2s_x7lb1st7yvy5wgv480000gn/T/phpj0josg
            [error] => 0
            [size] => 253208
        )

    [fileToUpload3] => Array
        (
            [name] => pexels-pixabay-122429 (1).jpg
            [full_path] => pexels-pixabay-122429 (1).jpg
            [type] => image/jpeg
            [tmp_name] => /private/var/folders/wq/89tq2s_x7lb1st7yvy5wgv480000gn/T/phpJ4LVCf
            [error] => 0
            [size] => 253208
        )

    [fileToUpload4] => Array
        (
            [name] => pexels-pixabay-122429 (1).jpg
            [full_path] => pexels-pixabay-122429 (1).jpg
            [type] => image/jpeg
            [tmp_name] => /private/var/folders/wq/89tq2s_x7lb1st7yvy5wgv480000gn/T/phpH0fDUW
            [error] => 0
            [size] => 253208
        )

)
cust_id: 12, image1: 1, image2: 1, image3: 1, image4: 1, query: UPDATE `cust` SET `status`= `status` ,`image1`='1' ,`image2`='1' ,`image3`='1' ,`image4`='1' WHERE `id`='12' Controller: add_cust_image called, REQUEST_METHOD: POSTController: add_cust_image called, POST data: Array
(
    [cust_id] => 13
)
Controller: add_cust_image called, FILES data: Array
(
    [fileToUpload1] => Array
        (
            [name] => pexels-pixabay-122429 (1).jpg
            [full_path] => pexels-pixabay-122429 (1).jpg
            [type] => image/jpeg
            [tmp_name] => /private/var/folders/wq/89tq2s_x7lb1st7yvy5wgv480000gn/T/phpRDvZ0M
            [error] => 0
            [size] => 253208
        )

    [fileToUpload2] => Array
        (
            [name] => 
            [full_path] => 
            [type] => 
            [tmp_name] => 
            [error] => 4
            [size] => 0
        )

    [fileToUpload3] => Array
        (
            [name] => 
            [full_path] => 
            [type] => 
            [tmp_name] => 
            [error] => 4
            [size] => 0
        )

    [fileToUpload4] => Array
        (
            [name] => 
            [full_path] => 
            [type] => 
            [tmp_name] => 
            [error] => 4
            [size] => 0
        )

)
upload_max_filesize = 2M
post_max_size = 8M
max_file_uploads = 20
addCustImage called with cust_id: 13POST data: Array
(
    [cust_id] => 13
)
FILES data: Array
(
    [fileToUpload1] => Array
        (
            [name] => pexels-pixabay-122429 (1).jpg
            [full_path] => pexels-pixabay-122429 (1).jpg
            [type] => image/jpeg
            [tmp_name] => /private/var/folders/wq/89tq2s_x7lb1st7yvy5wgv480000gn/T/phpRDvZ0M
            [error] => 0
            [size] => 253208
        )

    [fileToUpload2] => Array
        (
            [name] => 
            [full_path] => 
            [type] => 
            [tmp_name] => 
            [error] => 4
            [size] => 0
        )

    [fileToUpload3] => Array
        (
            [name] => 
            [full_path] => 
            [type] => 
            [tmp_name] => 
            [error] => 4
            [size] => 0
        )

    [fileToUpload4] => Array
        (
            [name] => 
            [full_path] => 
            [type] => 
            [tmp_name] => 
            [error] => 4
            [size] => 0
        )

)
cust_id: 13, image1: 1, image2: 0, image3: 0, image4: 0, query: UPDATE `cust` SET `status`= `status` ,`image1`='1'    WHERE `id`='13' Controller: update_cust called, POST data: Array
(
    [cust_id] => 13
    [nikname] => 
    [nic] => 0
    [cust_type] => 1
    [sub_systemc] => 0
    [shop_name] => Nirusha Fernando
    [designation] => other
    [customer] => Nirusha Fernando
    [mobile] => 0775000591
    [shop_tel] => 0775345566
    [email_add] => nirushafernando121@gmail.com
    [tax_no] => 
    [cr_limit] => 100000
    [cu_store] => 1
    [salesref] => 5
    [cu_group] => 1
    [cu_town] => 1
    [shop_address] => 41c1KospitianaPugoda
    [delivery_details_same] => 1
    [goods_delivery_contact_person] => 
    [goods_delivery_mobile] => 
    [goods_delivery_address] => 
    [home_tel] => 
    [home_address] => 
    [dob] => 
    [sms] => on
)
Controller: update_cust called, FILES data: Array
(
    [fileToUpload1] => Array
        (
            [name] => 
            [full_path] => 
            [type] => 
            [tmp_name] => 
            [error] => 4
            [size] => 0
        )

    [fileToUpload2] => Array
        (
            [name] => pexels-pixabay-122429 (1).jpg
            [full_path] => pexels-pixabay-122429 (1).jpg
            [type] => image/jpeg
            [tmp_name] => /private/var/folders/wq/89tq2s_x7lb1st7yvy5wgv480000gn/T/phpQn5Idf
            [error] => 0
            [size] => 253208
        )

    [fileToUpload3] => Array
        (
            [name] => 
            [full_path] => 
            [type] => 
            [tmp_name] => 
            [error] => 4
            [size] => 0
        )

    [fileToUpload4] => Array
        (
            [name] => 
            [full_path] => 
            [type] => 
            [tmp_name] => 
            [error] => 4
            [size] => 0
        )

)
updateCust: FILES data: Array
(
    [fileToUpload1] => Array
        (
            [name] => 
            [full_path] => 
            [type] => 
            [tmp_name] => 
            [error] => 4
            [size] => 0
        )

    [fileToUpload2] => Array
        (
            [name] => pexels-pixabay-122429 (1).jpg
            [full_path] => pexels-pixabay-122429 (1).jpg
            [type] => image/jpeg
            [tmp_name] => /private/var/folders/wq/89tq2s_x7lb1st7yvy5wgv480000gn/T/phpQn5Idf
            [error] => 0
            [size] => 253208
        )

    [fileToUpload3] => Array
        (
            [name] => 
            [full_path] => 
            [type] => 
            [tmp_name] => 
            [error] => 4
            [size] => 0
        )

    [fileToUpload4] => Array
        (
            [name] => 
            [full_path] => 
            [type] => 
            [tmp_name] => 
            [error] => 4
            [size] => 0
        )

)
Controller: update_cust called, POST data: Array
(
    [cust_id] => 13
    [nikname] => 
    [nic] => 0
    [cust_type] => 1
    [sub_systemc] => 0
    [shop_name] => Nirusha Fernando
    [designation] => other
    [customer] => Nirusha Fernando
    [mobile] => 0775000591
    [shop_tel] => 0775345566
    [email_add] => nirushafernando121@gmail.com
    [tax_no] => 
    [cr_limit] => 100000
    [cu_store] => 1
    [salesref] => 5
    [cu_group] => 1
    [cu_town] => 1
    [shop_address] => 41c1KospitianaPugoda
    [delivery_details_same] => 1
    [goods_delivery_contact_person] => 
    [goods_delivery_mobile] => 
    [goods_delivery_address] => 
    [home_tel] => 
    [home_address] => 
    [dob] => 
    [sms] => on
)
Controller: update_cust called, FILES data: Array
(
    [fileToUpload1] => Array
        (
            [name] => pexels-pixabay-122429 (1).jpg
            [full_path] => pexels-pixabay-122429 (1).jpg
            [type] => image/jpeg
            [tmp_name] => /private/var/folders/wq/89tq2s_x7lb1st7yvy5wgv480000gn/T/phpx6wD9X
            [error] => 0
            [size] => 253208
        )

    [fileToUpload2] => Array
        (
            [name] => 
            [full_path] => 
            [type] => 
            [tmp_name] => 
            [error] => 4
            [size] => 0
        )

    [fileToUpload3] => Array
        (
            [name] => 
            [full_path] => 
            [type] => 
            [tmp_name] => 
            [error] => 4
            [size] => 0
        )

    [fileToUpload4] => Array
        (
            [name] => 
            [full_path] => 
            [type] => 
            [tmp_name] => 
            [error] => 4
            [size] => 0
        )

)
updateCust: FILES data: Array
(
    [fileToUpload1] => Array
        (
            [name] => pexels-pixabay-122429 (1).jpg
            [full_path] => pexels-pixabay-122429 (1).jpg
            [type] => image/jpeg
            [tmp_name] => /private/var/folders/wq/89tq2s_x7lb1st7yvy5wgv480000gn/T/phpx6wD9X
            [error] => 0
            [size] => 253208
        )

    [fileToUpload2] => Array
        (
            [name] => 
            [full_path] => 
            [type] => 
            [tmp_name] => 
            [error] => 4
            [size] => 0
        )

    [fileToUpload3] => Array
        (
            [name] => 
            [full_path] => 
            [type] => 
            [tmp_name] => 
            [error] => 4
            [size] => 0
        )

    [fileToUpload4] => Array
        (
            [name] => 
            [full_path] => 
            [type] => 
            [tmp_name] => 
            [error] => 4
            [size] => 0
        )

)
